/usr/bin/cmake -H/home/pdreiter/Data/APR_eval/GenProg/v25.cb_eval/On_Sale.transform.ga/On_Sale/src -B/home/pdreiter/Data/APR_eval/GenProg/v25.cb_eval/On_Sale.transform.ga/On_Sale/build --check-build-system CMakeFiles/Makefile.cmake 0
/usr/bin/cmake -E cmake_progress_start /home/pdreiter/Data/APR_eval/GenProg/v25.cb_eval/On_Sale.transform.ga/On_Sale/build/CMakeFiles /home/pdreiter/Data/APR_eval/GenProg/v25.cb_eval/On_Sale.transform.ga/On_Sale/build/CMakeFiles/progress.marks
make -f CMakeFiles/Makefile2 all
make[1]: Entering directory '/mnt/Data/APR_eval/GenProg/v25.cb_eval/On_Sale.transform.ga/On_Sale/build'
make -f include/tiny-AES128-C/CMakeFiles/tiny-AES128-C.dir/build.make include/tiny-AES128-C/CMakeFiles/tiny-AES128-C.dir/depend
make[2]: Entering directory '/mnt/Data/APR_eval/GenProg/v25.cb_eval/On_Sale.transform.ga/On_Sale/build'
cd /home/pdreiter/Data/APR_eval/GenProg/v25.cb_eval/On_Sale.transform.ga/On_Sale/build && /usr/bin/cmake -E cmake_depends "Unix Makefiles" /home/pdreiter/Data/APR_eval/GenProg/v25.cb_eval/On_Sale.transform.ga/On_Sale/src /home/pdreiter/Data/APR_eval/GenProg/v25.cb_eval/On_Sale.transform.ga/On_Sale/src/include/tiny-AES128-C /home/pdreiter/Data/APR_eval/GenProg/v25.cb_eval/On_Sale.transform.ga/On_Sale/build /home/pdreiter/Data/APR_eval/GenProg/v25.cb_eval/On_Sale.transform.ga/On_Sale/build/include/tiny-AES128-C /home/pdreiter/Data/APR_eval/GenProg/v25.cb_eval/On_Sale.transform.ga/On_Sale/build/include/tiny-AES128-C/CMakeFiles/tiny-AES128-C.dir/DependInfo.cmake --color=
make[2]: Leaving directory '/mnt/Data/APR_eval/GenProg/v25.cb_eval/On_Sale.transform.ga/On_Sale/build'
make -f include/tiny-AES128-C/CMakeFiles/tiny-AES128-C.dir/build.make include/tiny-AES128-C/CMakeFiles/tiny-AES128-C.dir/build
make[2]: Entering directory '/mnt/Data/APR_eval/GenProg/v25.cb_eval/On_Sale.transform.ga/On_Sale/build'
make[2]: Nothing to be done for 'include/tiny-AES128-C/CMakeFiles/tiny-AES128-C.dir/build'.
make[2]: Leaving directory '/mnt/Data/APR_eval/GenProg/v25.cb_eval/On_Sale.transform.ga/On_Sale/build'
[  2%] Built target tiny-AES128-C
make -f include/CMakeFiles/cgc.dir/build.make include/CMakeFiles/cgc.dir/depend
make[2]: Entering directory '/mnt/Data/APR_eval/GenProg/v25.cb_eval/On_Sale.transform.ga/On_Sale/build'
cd /home/pdreiter/Data/APR_eval/GenProg/v25.cb_eval/On_Sale.transform.ga/On_Sale/build && /usr/bin/cmake -E cmake_depends "Unix Makefiles" /home/pdreiter/Data/APR_eval/GenProg/v25.cb_eval/On_Sale.transform.ga/On_Sale/src /home/pdreiter/Data/APR_eval/GenProg/v25.cb_eval/On_Sale.transform.ga/On_Sale/src/include /home/pdreiter/Data/APR_eval/GenProg/v25.cb_eval/On_Sale.transform.ga/On_Sale/build /home/pdreiter/Data/APR_eval/GenProg/v25.cb_eval/On_Sale.transform.ga/On_Sale/build/include /home/pdreiter/Data/APR_eval/GenProg/v25.cb_eval/On_Sale.transform.ga/On_Sale/build/include/CMakeFiles/cgc.dir/DependInfo.cmake --color=
make[2]: Leaving directory '/mnt/Data/APR_eval/GenProg/v25.cb_eval/On_Sale.transform.ga/On_Sale/build'
make -f include/CMakeFiles/cgc.dir/build.make include/CMakeFiles/cgc.dir/build
make[2]: Entering directory '/mnt/Data/APR_eval/GenProg/v25.cb_eval/On_Sale.transform.ga/On_Sale/build'
make[2]: Nothing to be done for 'include/CMakeFiles/cgc.dir/build'.
make[2]: Leaving directory '/mnt/Data/APR_eval/GenProg/v25.cb_eval/On_Sale.transform.ga/On_Sale/build'
[  8%] Built target cgc
make -f include/libpov/CMakeFiles/pov.dir/build.make include/libpov/CMakeFiles/pov.dir/depend
make[2]: Entering directory '/mnt/Data/APR_eval/GenProg/v25.cb_eval/On_Sale.transform.ga/On_Sale/build'
cd /home/pdreiter/Data/APR_eval/GenProg/v25.cb_eval/On_Sale.transform.ga/On_Sale/build && /usr/bin/cmake -E cmake_depends "Unix Makefiles" /home/pdreiter/Data/APR_eval/GenProg/v25.cb_eval/On_Sale.transform.ga/On_Sale/src /home/pdreiter/Data/APR_eval/GenProg/v25.cb_eval/On_Sale.transform.ga/On_Sale/src/include/libpov /home/pdreiter/Data/APR_eval/GenProg/v25.cb_eval/On_Sale.transform.ga/On_Sale/build /home/pdreiter/Data/APR_eval/GenProg/v25.cb_eval/On_Sale.transform.ga/On_Sale/build/include/libpov /home/pdreiter/Data/APR_eval/GenProg/v25.cb_eval/On_Sale.transform.ga/On_Sale/build/include/libpov/CMakeFiles/pov.dir/DependInfo.cmake --color=
make[2]: Leaving directory '/mnt/Data/APR_eval/GenProg/v25.cb_eval/On_Sale.transform.ga/On_Sale/build'
make -f include/libpov/CMakeFiles/pov.dir/build.make include/libpov/CMakeFiles/pov.dir/build
make[2]: Entering directory '/mnt/Data/APR_eval/GenProg/v25.cb_eval/On_Sale.transform.ga/On_Sale/build'
make[2]: Nothing to be done for 'include/libpov/CMakeFiles/pov.dir/build'.
make[2]: Leaving directory '/mnt/Data/APR_eval/GenProg/v25.cb_eval/On_Sale.transform.ga/On_Sale/build'
[ 55%] Built target pov
make -f On_Sale/CMakeFiles/On_Sale_pov_1.dir/build.make On_Sale/CMakeFiles/On_Sale_pov_1.dir/depend
make[2]: Entering directory '/mnt/Data/APR_eval/GenProg/v25.cb_eval/On_Sale.transform.ga/On_Sale/build'
cd /home/pdreiter/Data/APR_eval/GenProg/v25.cb_eval/On_Sale.transform.ga/On_Sale/build && /usr/bin/cmake -E cmake_depends "Unix Makefiles" /home/pdreiter/Data/APR_eval/GenProg/v25.cb_eval/On_Sale.transform.ga/On_Sale/src /home/pdreiter/Data/APR_eval/GenProg/v25.cb_eval/On_Sale.transform.ga/On_Sale/src/On_Sale /home/pdreiter/Data/APR_eval/GenProg/v25.cb_eval/On_Sale.transform.ga/On_Sale/build /home/pdreiter/Data/APR_eval/GenProg/v25.cb_eval/On_Sale.transform.ga/On_Sale/build/On_Sale /home/pdreiter/Data/APR_eval/GenProg/v25.cb_eval/On_Sale.transform.ga/On_Sale/build/On_Sale/CMakeFiles/On_Sale_pov_1.dir/DependInfo.cmake --color=
make[2]: Leaving directory '/mnt/Data/APR_eval/GenProg/v25.cb_eval/On_Sale.transform.ga/On_Sale/build'
make -f On_Sale/CMakeFiles/On_Sale_pov_1.dir/build.make On_Sale/CMakeFiles/On_Sale_pov_1.dir/build
make[2]: Entering directory '/mnt/Data/APR_eval/GenProg/v25.cb_eval/On_Sale.transform.ga/On_Sale/build'
make[2]: Nothing to be done for 'On_Sale/CMakeFiles/On_Sale_pov_1.dir/build'.
make[2]: Leaving directory '/mnt/Data/APR_eval/GenProg/v25.cb_eval/On_Sale.transform.ga/On_Sale/build'
[ 58%] Built target On_Sale_pov_1
make -f On_Sale/CMakeFiles/On_Sale_pov_2.dir/build.make On_Sale/CMakeFiles/On_Sale_pov_2.dir/depend
make[2]: Entering directory '/mnt/Data/APR_eval/GenProg/v25.cb_eval/On_Sale.transform.ga/On_Sale/build'
cd /home/pdreiter/Data/APR_eval/GenProg/v25.cb_eval/On_Sale.transform.ga/On_Sale/build && /usr/bin/cmake -E cmake_depends "Unix Makefiles" /home/pdreiter/Data/APR_eval/GenProg/v25.cb_eval/On_Sale.transform.ga/On_Sale/src /home/pdreiter/Data/APR_eval/GenProg/v25.cb_eval/On_Sale.transform.ga/On_Sale/src/On_Sale /home/pdreiter/Data/APR_eval/GenProg/v25.cb_eval/On_Sale.transform.ga/On_Sale/build /home/pdreiter/Data/APR_eval/GenProg/v25.cb_eval/On_Sale.transform.ga/On_Sale/build/On_Sale /home/pdreiter/Data/APR_eval/GenProg/v25.cb_eval/On_Sale.transform.ga/On_Sale/build/On_Sale/CMakeFiles/On_Sale_pov_2.dir/DependInfo.cmake --color=
make[2]: Leaving directory '/mnt/Data/APR_eval/GenProg/v25.cb_eval/On_Sale.transform.ga/On_Sale/build'
make -f On_Sale/CMakeFiles/On_Sale_pov_2.dir/build.make On_Sale/CMakeFiles/On_Sale_pov_2.dir/build
make[2]: Entering directory '/mnt/Data/APR_eval/GenProg/v25.cb_eval/On_Sale.transform.ga/On_Sale/build'
make[2]: Nothing to be done for 'On_Sale/CMakeFiles/On_Sale_pov_2.dir/build'.
make[2]: Leaving directory '/mnt/Data/APR_eval/GenProg/v25.cb_eval/On_Sale.transform.ga/On_Sale/build'
[ 61%] Built target On_Sale_pov_2
make -f On_Sale/CMakeFiles/On_Sale.dir/build.make On_Sale/CMakeFiles/On_Sale.dir/depend
make[2]: Entering directory '/mnt/Data/APR_eval/GenProg/v25.cb_eval/On_Sale.transform.ga/On_Sale/build'
cd /home/pdreiter/Data/APR_eval/GenProg/v25.cb_eval/On_Sale.transform.ga/On_Sale/build && /usr/bin/cmake -E cmake_depends "Unix Makefiles" /home/pdreiter/Data/APR_eval/GenProg/v25.cb_eval/On_Sale.transform.ga/On_Sale/src /home/pdreiter/Data/APR_eval/GenProg/v25.cb_eval/On_Sale.transform.ga/On_Sale/src/On_Sale /home/pdreiter/Data/APR_eval/GenProg/v25.cb_eval/On_Sale.transform.ga/On_Sale/build /home/pdreiter/Data/APR_eval/GenProg/v25.cb_eval/On_Sale.transform.ga/On_Sale/build/On_Sale /home/pdreiter/Data/APR_eval/GenProg/v25.cb_eval/On_Sale.transform.ga/On_Sale/build/On_Sale/CMakeFiles/On_Sale.dir/DependInfo.cmake --color=
Scanning dependencies of target On_Sale
make[2]: Leaving directory '/mnt/Data/APR_eval/GenProg/v25.cb_eval/On_Sale.transform.ga/On_Sale/build'
make -f On_Sale/CMakeFiles/On_Sale.dir/build.make On_Sale/CMakeFiles/On_Sale.dir/build
make[2]: Entering directory '/mnt/Data/APR_eval/GenProg/v25.cb_eval/On_Sale.transform.ga/On_Sale/build'
[ 62%] Building C object On_Sale/CMakeFiles/On_Sale.dir/src/products.c.o
cd /home/pdreiter/Data/APR_eval/GenProg/v25.cb_eval/On_Sale.transform.ga/On_Sale/build/On_Sale && /usr/bin/gcc-8 -DFORTIFY_SOURCE=0 -DLINUX -DNPATCHED -Derrno=__cgc_errno -I/home/pdreiter/Data/APR_eval/GenProg/v25.cb_eval/On_Sale.transform.ga/On_Sale/src/include -I/home/pdreiter/Data/APR_eval/GenProg/v25.cb_eval/On_Sale.transform.ga/On_Sale/src/On_Sale/lib -I/home/pdreiter/Data/APR_eval/GenProg/v25.cb_eval/On_Sale.transform.ga/On_Sale/src/On_Sale/src -I/home/pdreiter/Data/APR_eval/GenProg/v25.cb_eval/On_Sale.transform.ga/On_Sale/src/On_Sale/include -I/home/pdreiter/Data/APR_eval/GenProg/v25.cb_eval/On_Sale.transform.ga/On_Sale/src/include/libpov -I/home/pdreiter/Data/APR_eval/GenProg/v25.cb_eval/On_Sale.transform.ga/On_Sale/src/include/tiny-AES128-C  -fno-builtin -w -g3 -m32 -fno-stack-protector -g --save-temps -pedantic -O0 -std=gnu99 -o CMakeFiles/On_Sale.dir/src/products.c.o   -c /home/pdreiter/Data/APR_eval/GenProg/v25.cb_eval/On_Sale.transform.ga/On_Sale/src/On_Sale/src/products.c
/home/pdreiter/Data/APR_eval/GenProg/v25.cb_eval/On_Sale.transform.ga/On_Sale/src/On_Sale/src/products.c: In function ‘fix_ingred_products_3_9_0’:
/home/pdreiter/Data/APR_eval/GenProg/v25.cb_eval/On_Sale.transform.ga/On_Sale/src/On_Sale/src/products.c:1030:5: error: two or more data types in declaration specifiers
 int void;
     ^~~~
/home/pdreiter/Data/APR_eval/GenProg/v25.cb_eval/On_Sale.transform.ga/On_Sale/src/On_Sale/src/products.c:1031:12: error: expected expression before ‘void’
     bzero(&void,sizeof(int));
            ^~~~
/home/pdreiter/Data/APR_eval/GenProg/v25.cb_eval/On_Sale.transform.ga/On_Sale/src/On_Sale/src/products.c: In function ‘fix_ingred_products_3_9_1’:
/home/pdreiter/Data/APR_eval/GenProg/v25.cb_eval/On_Sale.transform.ga/On_Sale/src/On_Sale/src/products.c:1048:5: error: two or more data types in declaration specifiers
 int void;
     ^~~~
/home/pdreiter/Data/APR_eval/GenProg/v25.cb_eval/On_Sale.transform.ga/On_Sale/src/On_Sale/src/products.c:1049:12: error: expected expression before ‘void’
     bzero(&void,sizeof(int));
            ^~~~
/home/pdreiter/Data/APR_eval/GenProg/v25.cb_eval/On_Sale.transform.ga/On_Sale/src/On_Sale/src/products.c: In function ‘fix_ingred_products_3_9_2’:
/home/pdreiter/Data/APR_eval/GenProg/v25.cb_eval/On_Sale.transform.ga/On_Sale/src/On_Sale/src/products.c:1066:5: error: two or more data types in declaration specifiers
 int void;
     ^~~~
/home/pdreiter/Data/APR_eval/GenProg/v25.cb_eval/On_Sale.transform.ga/On_Sale/src/On_Sale/src/products.c:1067:12: error: expected expression before ‘void’
     bzero(&void,sizeof(int));
            ^~~~
/home/pdreiter/Data/APR_eval/GenProg/v25.cb_eval/On_Sale.transform.ga/On_Sale/src/On_Sale/src/products.c: In function ‘fix_ingred_products_6_1_1’:
/home/pdreiter/Data/APR_eval/GenProg/v25.cb_eval/On_Sale.transform.ga/On_Sale/src/On_Sale/src/products.c:1286:5: error: two or more data types in declaration specifiers
 int void;
     ^~~~
/home/pdreiter/Data/APR_eval/GenProg/v25.cb_eval/On_Sale.transform.ga/On_Sale/src/On_Sale/src/products.c:1287:12: error: expected expression before ‘void’
     bzero(&void,sizeof(int));
            ^~~~
/home/pdreiter/Data/APR_eval/GenProg/v25.cb_eval/On_Sale.transform.ga/On_Sale/src/On_Sale/src/products.c: In function ‘fix_ingred_products_12_1_0’:
/home/pdreiter/Data/APR_eval/GenProg/v25.cb_eval/On_Sale.transform.ga/On_Sale/src/On_Sale/src/products.c:1515:5: error: two or more data types in declaration specifiers
 int void;
     ^~~~
/home/pdreiter/Data/APR_eval/GenProg/v25.cb_eval/On_Sale.transform.ga/On_Sale/src/On_Sale/src/products.c:1516:12: error: expected expression before ‘void’
     bzero(&void,sizeof(int));
            ^~~~
/home/pdreiter/Data/APR_eval/GenProg/v25.cb_eval/On_Sale.transform.ga/On_Sale/src/On_Sale/src/products.c: In function ‘fix_ingred_products_12_1_1’:
/home/pdreiter/Data/APR_eval/GenProg/v25.cb_eval/On_Sale.transform.ga/On_Sale/src/On_Sale/src/products.c:1559:5: error: two or more data types in declaration specifiers
 int void;
     ^~~~
/home/pdreiter/Data/APR_eval/GenProg/v25.cb_eval/On_Sale.transform.ga/On_Sale/src/On_Sale/src/products.c:1560:12: error: expected expression before ‘void’
     bzero(&void,sizeof(int));
            ^~~~
/home/pdreiter/Data/APR_eval/GenProg/v25.cb_eval/On_Sale.transform.ga/On_Sale/src/On_Sale/src/products.c: In function ‘fix_ingred_products_12_1_2’:
/home/pdreiter/Data/APR_eval/GenProg/v25.cb_eval/On_Sale.transform.ga/On_Sale/src/On_Sale/src/products.c:1603:5: error: two or more data types in declaration specifiers
 int void;
     ^~~~
/home/pdreiter/Data/APR_eval/GenProg/v25.cb_eval/On_Sale.transform.ga/On_Sale/src/On_Sale/src/products.c:1604:12: error: expected expression before ‘void’
     bzero(&void,sizeof(int));
            ^~~~
/home/pdreiter/Data/APR_eval/GenProg/v25.cb_eval/On_Sale.transform.ga/On_Sale/src/On_Sale/src/products.c: In function ‘fix_ingred_products_12_4_0’:
/home/pdreiter/Data/APR_eval/GenProg/v25.cb_eval/On_Sale.transform.ga/On_Sale/src/On_Sale/src/products.c:1734:5: error: two or more data types in declaration specifiers
 int void;
     ^~~~
/home/pdreiter/Data/APR_eval/GenProg/v25.cb_eval/On_Sale.transform.ga/On_Sale/src/On_Sale/src/products.c:1735:12: error: expected expression before ‘void’
     bzero(&void,sizeof(int));
            ^~~~
/home/pdreiter/Data/APR_eval/GenProg/v25.cb_eval/On_Sale.transform.ga/On_Sale/src/On_Sale/src/products.c: In function ‘fix_ingred_products_12_4_2’:
/home/pdreiter/Data/APR_eval/GenProg/v25.cb_eval/On_Sale.transform.ga/On_Sale/src/On_Sale/src/products.c:1776:5: error: two or more data types in declaration specifiers
 int void;
     ^~~~
/home/pdreiter/Data/APR_eval/GenProg/v25.cb_eval/On_Sale.transform.ga/On_Sale/src/On_Sale/src/products.c:1777:12: error: expected expression before ‘void’
     bzero(&void,sizeof(int));
            ^~~~
/home/pdreiter/Data/APR_eval/GenProg/v25.cb_eval/On_Sale.transform.ga/On_Sale/src/On_Sale/src/products.c: In function ‘fix_ingred_products_12_7_0’:
/home/pdreiter/Data/APR_eval/GenProg/v25.cb_eval/On_Sale.transform.ga/On_Sale/src/On_Sale/src/products.c:1866:5: error: two or more data types in declaration specifiers
 int void;
     ^~~~
/home/pdreiter/Data/APR_eval/GenProg/v25.cb_eval/On_Sale.transform.ga/On_Sale/src/On_Sale/src/products.c:1867:12: error: expected expression before ‘void’
     bzero(&void,sizeof(int));
            ^~~~
/home/pdreiter/Data/APR_eval/GenProg/v25.cb_eval/On_Sale.transform.ga/On_Sale/src/On_Sale/src/products.c: In function ‘fix_ingred_products_12_7_2’:
/home/pdreiter/Data/APR_eval/GenProg/v25.cb_eval/On_Sale.transform.ga/On_Sale/src/On_Sale/src/products.c:1908:5: error: two or more data types in declaration specifiers
 int void;
     ^~~~
/home/pdreiter/Data/APR_eval/GenProg/v25.cb_eval/On_Sale.transform.ga/On_Sale/src/On_Sale/src/products.c:1909:12: error: expected expression before ‘void’
     bzero(&void,sizeof(int));
            ^~~~
/home/pdreiter/Data/APR_eval/GenProg/v25.cb_eval/On_Sale.transform.ga/On_Sale/src/On_Sale/src/products.c: In function ‘fix_ingred_products_12_10_0’:
/home/pdreiter/Data/APR_eval/GenProg/v25.cb_eval/On_Sale.transform.ga/On_Sale/src/On_Sale/src/products.c:1998:5: error: two or more data types in declaration specifiers
 int void;
     ^~~~
/home/pdreiter/Data/APR_eval/GenProg/v25.cb_eval/On_Sale.transform.ga/On_Sale/src/On_Sale/src/products.c:1999:12: error: expected expression before ‘void’
     bzero(&void,sizeof(int));
            ^~~~
/home/pdreiter/Data/APR_eval/GenProg/v25.cb_eval/On_Sale.transform.ga/On_Sale/src/On_Sale/src/products.c: In function ‘fix_ingred_products_12_10_2’:
/home/pdreiter/Data/APR_eval/GenProg/v25.cb_eval/On_Sale.transform.ga/On_Sale/src/On_Sale/src/products.c:2040:5: error: two or more data types in declaration specifiers
 int void;
     ^~~~
/home/pdreiter/Data/APR_eval/GenProg/v25.cb_eval/On_Sale.transform.ga/On_Sale/src/On_Sale/src/products.c:2041:12: error: expected expression before ‘void’
     bzero(&void,sizeof(int));
            ^~~~
/home/pdreiter/Data/APR_eval/GenProg/v25.cb_eval/On_Sale.transform.ga/On_Sale/src/On_Sale/src/products.c: In function ‘fix_ingred_products_12_13_0’:
/home/pdreiter/Data/APR_eval/GenProg/v25.cb_eval/On_Sale.transform.ga/On_Sale/src/On_Sale/src/products.c:2130:5: error: two or more data types in declaration specifiers
 int void;
     ^~~~
/home/pdreiter/Data/APR_eval/GenProg/v25.cb_eval/On_Sale.transform.ga/On_Sale/src/On_Sale/src/products.c:2131:12: error: expected expression before ‘void’
     bzero(&void,sizeof(int));
            ^~~~
/home/pdreiter/Data/APR_eval/GenProg/v25.cb_eval/On_Sale.transform.ga/On_Sale/src/On_Sale/src/products.c: In function ‘fix_ingred_products_12_13_2’:
/home/pdreiter/Data/APR_eval/GenProg/v25.cb_eval/On_Sale.transform.ga/On_Sale/src/On_Sale/src/products.c:2172:5: error: two or more data types in declaration specifiers
 int void;
     ^~~~
/home/pdreiter/Data/APR_eval/GenProg/v25.cb_eval/On_Sale.transform.ga/On_Sale/src/On_Sale/src/products.c:2173:12: error: expected expression before ‘void’
     bzero(&void,sizeof(int));
            ^~~~
/home/pdreiter/Data/APR_eval/GenProg/v25.cb_eval/On_Sale.transform.ga/On_Sale/src/On_Sale/src/products.c: In function ‘fix_ingred_products_12_16_0’:
/home/pdreiter/Data/APR_eval/GenProg/v25.cb_eval/On_Sale.transform.ga/On_Sale/src/On_Sale/src/products.c:2262:5: error: two or more data types in declaration specifiers
 int void;
     ^~~~
/home/pdreiter/Data/APR_eval/GenProg/v25.cb_eval/On_Sale.transform.ga/On_Sale/src/On_Sale/src/products.c:2263:12: error: expected expression before ‘void’
     bzero(&void,sizeof(int));
            ^~~~
/home/pdreiter/Data/APR_eval/GenProg/v25.cb_eval/On_Sale.transform.ga/On_Sale/src/On_Sale/src/products.c: In function ‘fix_ingred_products_12_16_2’:
/home/pdreiter/Data/APR_eval/GenProg/v25.cb_eval/On_Sale.transform.ga/On_Sale/src/On_Sale/src/products.c:2304:5: error: two or more data types in declaration specifiers
 int void;
     ^~~~
/home/pdreiter/Data/APR_eval/GenProg/v25.cb_eval/On_Sale.transform.ga/On_Sale/src/On_Sale/src/products.c:2305:12: error: expected expression before ‘void’
     bzero(&void,sizeof(int));
            ^~~~
/home/pdreiter/Data/APR_eval/GenProg/v25.cb_eval/On_Sale.transform.ga/On_Sale/src/On_Sale/src/products.c: In function ‘fix_ingred_products_12_19_0’:
/home/pdreiter/Data/APR_eval/GenProg/v25.cb_eval/On_Sale.transform.ga/On_Sale/src/On_Sale/src/products.c:2394:5: error: two or more data types in declaration specifiers
 int void;
     ^~~~
/home/pdreiter/Data/APR_eval/GenProg/v25.cb_eval/On_Sale.transform.ga/On_Sale/src/On_Sale/src/products.c:2395:12: error: expected expression before ‘void’
     bzero(&void,sizeof(int));
            ^~~~
/home/pdreiter/Data/APR_eval/GenProg/v25.cb_eval/On_Sale.transform.ga/On_Sale/src/On_Sale/src/products.c: In function ‘fix_ingred_products_12_19_2’:
/home/pdreiter/Data/APR_eval/GenProg/v25.cb_eval/On_Sale.transform.ga/On_Sale/src/On_Sale/src/products.c:2436:5: error: two or more data types in declaration specifiers
 int void;
     ^~~~
/home/pdreiter/Data/APR_eval/GenProg/v25.cb_eval/On_Sale.transform.ga/On_Sale/src/On_Sale/src/products.c:2437:12: error: expected expression before ‘void’
     bzero(&void,sizeof(int));
            ^~~~
/home/pdreiter/Data/APR_eval/GenProg/v25.cb_eval/On_Sale.transform.ga/On_Sale/src/On_Sale/src/products.c: In function ‘fix_ingred_products_12_22_0’:
/home/pdreiter/Data/APR_eval/GenProg/v25.cb_eval/On_Sale.transform.ga/On_Sale/src/On_Sale/src/products.c:2526:5: error: two or more data types in declaration specifiers
 int void;
     ^~~~
/home/pdreiter/Data/APR_eval/GenProg/v25.cb_eval/On_Sale.transform.ga/On_Sale/src/On_Sale/src/products.c:2527:12: error: expected expression before ‘void’
     bzero(&void,sizeof(int));
            ^~~~
/home/pdreiter/Data/APR_eval/GenProg/v25.cb_eval/On_Sale.transform.ga/On_Sale/src/On_Sale/src/products.c: In function ‘fix_ingred_products_12_22_2’:
/home/pdreiter/Data/APR_eval/GenProg/v25.cb_eval/On_Sale.transform.ga/On_Sale/src/On_Sale/src/products.c:2568:5: error: two or more data types in declaration specifiers
 int void;
     ^~~~
/home/pdreiter/Data/APR_eval/GenProg/v25.cb_eval/On_Sale.transform.ga/On_Sale/src/On_Sale/src/products.c:2569:12: error: expected expression before ‘void’
     bzero(&void,sizeof(int));
            ^~~~
/home/pdreiter/Data/APR_eval/GenProg/v25.cb_eval/On_Sale.transform.ga/On_Sale/src/On_Sale/src/products.c: In function ‘fix_ingred_products_12_25_0’:
/home/pdreiter/Data/APR_eval/GenProg/v25.cb_eval/On_Sale.transform.ga/On_Sale/src/On_Sale/src/products.c:2658:5: error: two or more data types in declaration specifiers
 int void;
     ^~~~
/home/pdreiter/Data/APR_eval/GenProg/v25.cb_eval/On_Sale.transform.ga/On_Sale/src/On_Sale/src/products.c:2659:12: error: expected expression before ‘void’
     bzero(&void,sizeof(int));
            ^~~~
/home/pdreiter/Data/APR_eval/GenProg/v25.cb_eval/On_Sale.transform.ga/On_Sale/src/On_Sale/src/products.c: In function ‘fix_ingred_products_12_25_2’:
/home/pdreiter/Data/APR_eval/GenProg/v25.cb_eval/On_Sale.transform.ga/On_Sale/src/On_Sale/src/products.c:2700:5: error: two or more data types in declaration specifiers
 int void;
     ^~~~
/home/pdreiter/Data/APR_eval/GenProg/v25.cb_eval/On_Sale.transform.ga/On_Sale/src/On_Sale/src/products.c:2701:12: error: expected expression before ‘void’
     bzero(&void,sizeof(int));
            ^~~~
On_Sale/CMakeFiles/On_Sale.dir/build.make:305: recipe for target 'On_Sale/CMakeFiles/On_Sale.dir/src/products.c.o' failed
make[2]: *** [On_Sale/CMakeFiles/On_Sale.dir/src/products.c.o] Error 1
make[2]: Leaving directory '/mnt/Data/APR_eval/GenProg/v25.cb_eval/On_Sale.transform.ga/On_Sale/build'
CMakeFiles/Makefile2:345: recipe for target 'On_Sale/CMakeFiles/On_Sale.dir/all' failed
make[1]: *** [On_Sale/CMakeFiles/On_Sale.dir/all] Error 2
make[1]: Leaving directory '/mnt/Data/APR_eval/GenProg/v25.cb_eval/On_Sale.transform.ga/On_Sale/build'
Makefile:86: recipe for target 'all' failed
make: *** [all] Error 2
